C:\USERS\REDMAGE1993\DOCUMENTS\UNLV\FALL 2012\CS\PROGRAMS\ASSIGNMENT #9\ASSIGNMENT09\ASSIGNMENT09\DEBUG\ASN09.OBJ
C:\USERS\REDMAGE1993\DOCUMENTS\UNLV\FALL 2012\CS\PROGRAMS\ASSIGNMENT #9\ASSIGNMENT09\ASSIGNMENT09\DEBUG\VC110.PDB
C:\Users\RedMage1993\Documents\UNLV\FALL 2012\CS\programs\assignment #9\Assignment09\Assignment09\Debug\asn09.obj
C:\Users\RedMage1993\Documents\UNLV\FALL 2012\CS\programs\assignment #9\Assignment09\Assignment09\Debug\cl.command.1.tlog
C:\Users\RedMage1993\Documents\UNLV\FALL 2012\CS\programs\assignment #9\Assignment09\Assignment09\Debug\CL.read.1.tlog
C:\Users\RedMage1993\Documents\UNLV\FALL 2012\CS\programs\assignment #9\Assignment09\Assignment09\Debug\CL.write.1.tlog
C:\Users\RedMage1993\Documents\UNLV\FALL 2012\CS\programs\assignment #9\Assignment09\Assignment09\Debug\link-cvtres.read.1.tlog
C:\Users\RedMage1993\Documents\UNLV\FALL 2012\CS\programs\assignment #9\Assignment09\Assignment09\Debug\link-cvtres.write.1.tlog
C:\Users\RedMage1993\Documents\UNLV\FALL 2012\CS\programs\assignment #9\Assignment09\Assignment09\Debug\link-rc.read.1.tlog
C:\Users\RedMage1993\Documents\UNLV\FALL 2012\CS\programs\assignment #9\Assignment09\Assignment09\Debug\link-rc.write.1.tlog
C:\Users\RedMage1993\Documents\UNLV\FALL 2012\CS\programs\assignment #9\Assignment09\Assignment09\Debug\link.command.1.tlog
C:\Users\RedMage1993\Documents\UNLV\FALL 2012\CS\programs\assignment #9\Assignment09\Assignment09\Debug\link.read.1.tlog
C:\Users\RedMage1993\Documents\UNLV\FALL 2012\CS\programs\assignment #9\Assignment09\Assignment09\Debug\link.write.1.tlog
C:\Users\RedMage1993\Documents\UNLV\FALL 2012\CS\programs\assignment #9\Assignment09\Assignment09\Debug\Assignment09.exe.embed.manifest
C:\Users\RedMage1993\Documents\UNLV\FALL 2012\CS\programs\assignment #9\Assignment09\Assignment09\Debug\Assignment09.exe.intermediate.manifest
C:\Users\RedMage1993\Documents\UNLV\FALL 2012\CS\programs\assignment #9\Assignment09\Assignment09\Debug\Assignment09.exe.embed.manifest.res
C:\Users\RedMage1993\Documents\UNLV\FALL 2012\CS\programs\assignment #9\Assignment09\Assignment09\Debug\vc110.idb
C:\Users\RedMage1993\Documents\UNLV\FALL 2012\CS\programs\assignment #9\Assignment09\Assignment09\Debug\vc90.idb
C:\Users\RedMage1993\Documents\UNLV\FALL 2012\CS\programs\assignment #9\Assignment09\Assignment09\Debug\vc110.pdb
C:\Users\RedMage1993\Documents\UNLV\FALL 2012\CS\programs\assignment #9\Assignment09\Assignment09\Debug\vc90.pdb
C:\Users\RedMage1993\Documents\UNLV\FALL 2012\CS\programs\assignment #9\Assignment09\Debug\Assignment09.pdb
