Fritz Ammon  Assignment #10  Section #1001

NUMBERS READ FROM INPUT FILE
         7        -3        72        82
       144        -7        13         0
        18       -23        89        91
        11

#values read:                 13
average:                  38.000
variance:               2409.538
standard deviation:       49.087
largest value:               144
smallest value:              -23

PRIME NUMBERS
         7        13        89        11

  NONPRIME
    NUMBER      # FACTORS
        72             12
        82              4
       144             15
        18              6
        91              4
# of positive, nonprime values: 5
